<?xml version="1.0" encoding="UTF-8"?>
<!-- Generated by org.testng.reporters.JUnitReportReporter -->
<testsuite skipped="0" hostname="LAPTOP-IS3DCPF8" name="Login.LoginAndMessage" tests="1" failures="0" timestamp="2022-12-14T20:38:03 IST" time="14.605" errors="0">
  <testcase name="Login" time="14.605" classname="Login.LoginAndMessage"/>
  <system-out/>
</testsuite> <!-- Login.LoginAndMessage -->
